# JRE version: OpenJDK Runtime Environment Corretto-19.0.2.7.1 (19.0.2+7) (build 19.0.2+7-FR)
# Java VM: OpenJDK 64-Bit Server VM Corretto-19.0.2.7.1 (19.0.2+7-FR, mixed mode, sharing, tiered, compressed oops, compressed class ptrs, g1 gc, linux-amd64)
GC Precious Log:
 CardTable entry size: 512
 Card Set container configuration: InlinePtr #cards 4 size 8 Array Of Cards #cards 16 size 48 Howl #buckets 8 coarsen threshold 3686 Howl Bitmap #cards 512 size 80 coarsen threshold 460 Card regions per heap region 1 cards per card region 4096
 CPUs: 16 total, 8 available
 Memory: 14903M
 Large Page Support: Disabled
 NUMA Support: Disabled
 Compressed Oops: Enabled (Zero based)
 Heap Region Size: 2M
 Heap Min Capacity: 8M
 Heap Initial Capacity: 234M
 Heap Max Capacity: 3726M
 Pre-touch: Disabled
 Parallel Workers: 8
 Concurrent Workers: 2
 Concurrent Refinement Workers: 8
 Periodic GC: Disabled
Heap:
 garbage-first heap   total 75776K, used 40860K [0x0000000717200000, 0x0000000800000000)
  region size 2048K, 11 young (22528K), 2 survivors (4096K)
 Metaspace       used 35583K, committed 36096K, reserved 1114112K
  class space    used 4344K, committed 4608K, reserved 1048576K
GC Heap History (13 events):
Event: 0,629 GC heap before
{Heap before GC invocations=0 (full 0):
 garbage-first heap   total 243712K, used 22496K [0x0000000717200000, 0x0000000800000000)
  region size 2048K, 11 young (22528K), 0 survivors (0K)
 Metaspace       used 5021K, committed 5184K, reserved 1114112K
  class space    used 541K, committed 640K, reserved 1048576K
}
Event: 0,636 GC heap after
{Heap after GC invocations=1 (full 0):
 garbage-first heap   total 243712K, used 9665K [0x0000000717200000, 0x0000000800000000)
  region size 2048K, 2 young (4096K), 2 survivors (4096K)
 Metaspace       used 5021K, committed 5184K, reserved 1114112K
  class space    used 541K, committed 640K, reserved 1048576K
}
Event: 1,299 GC heap before
{Heap before GC invocations=1 (full 0):
 garbage-first heap   total 243712K, used 38337K [0x0000000717200000, 0x0000000800000000)
  region size 2048K, 16 young (32768K), 2 survivors (4096K)
 Metaspace       used 12410K, committed 12736K, reserved 1114112K
  class space    used 1386K, committed 1536K, reserved 1048576K
}
Event: 1,305 GC heap after
{Heap after GC invocations=2 (full 0):
 garbage-first heap   total 243712K, used 12282K [0x0000000717200000, 0x0000000800000000)
  region size 2048K, 2 young (4096K), 2 survivors (4096K)
 Metaspace       used 12410K, committed 12736K, reserved 1114112K
  class space    used 1386K, committed 1536K, reserved 1048576K
}
Event: 2,478 GC heap before
{Heap before GC invocations=2 (full 0):
 garbage-first heap   total 243712K, used 69626K [0x0000000717200000, 0x0000000800000000)
  region size 2048K, 31 young (63488K), 2 survivors (4096K)
 Metaspace       used 21223K, committed 21504K, reserved 1114112K
  class space    used 2492K, committed 2624K, reserved 1048576K
}
Event: 2,485 GC heap after
{Heap after GC invocations=3 (full 0):
 garbage-first heap   total 243712K, used 15907K [0x0000000717200000, 0x0000000800000000)
  region size 2048K, 4 young (8192K), 4 survivors (8192K)
 Metaspace       used 21223K, committed 21504K, reserved 1114112K
  class space    used 2492K, committed 2624K, reserved 1048576K
}
Event: 3,359 GC heap before
{Heap before GC invocations=4 (full 0):
 garbage-first heap   total 75776K, used 52771K [0x0000000717200000, 0x0000000800000000)
  region size 2048K, 22 young (45056K), 4 survivors (8192K)
 Metaspace       used 27153K, committed 27584K, reserved 1114112K
  class space    used 3272K, committed 3456K, reserved 1048576K
}
Event: 3,374 GC heap after
{Heap after GC invocations=5 (full 0):
 garbage-first heap   total 75776K, used 18857K [0x0000000717200000, 0x0000000800000000)
  region size 2048K, 2 young (4096K), 2 survivors (4096K)
 Metaspace       used 27153K, committed 27584K, reserved 1114112K
  class space    used 3272K, committed 3456K, reserved 1048576K
}
Event: 3,416 GC heap before
{Heap before GC invocations=5 (full 0):
 garbage-first heap   total 75776K, used 20905K [0x0000000717200000, 0x0000000800000000)
  region size 2048K, 3 young (6144K), 2 survivors (4096K)
 Metaspace       used 27475K, committed 27968K, reserved 1114112K
  class space    used 3341K, committed 3584K, reserved 1048576K
}
Event: 3,427 GC heap after
{Heap after GC invocations=6 (full 0):
 garbage-first heap   total 75776K, used 19988K [0x0000000717200000, 0x0000000800000000)
  region size 2048K, 1 young (2048K), 1 survivors (2048K)
 Metaspace       used 27475K, committed 27968K, reserved 1114112K
  class space    used 3341K, committed 3584K, reserved 1048576K
}
Event: 3,903 GC heap before
{Heap before GC invocations=6 (full 0):
 garbage-first heap   total 75776K, used 46612K [0x0000000717200000, 0x0000000800000000)
  region size 2048K, 15 young (30720K), 1 survivors (2048K)
 Metaspace       used 32855K, committed 33408K, reserved 1114112K
  class space    used 3940K, committed 4224K, reserved 1048576K
}
Event: 3,911 GC heap after
{Heap after GC invocations=7 (full 0):
 garbage-first heap   total 75776K, used 22927K [0x0000000717200000, 0x0000000800000000)
  region size 2048K, 2 young (4096K), 2 survivors (4096K)
 Metaspace       used 32855K, committed 33408K, reserved 1114112K
  class space    used 3940K, committed 4224K, reserved 1048576K
}
Event: 4,270 GC heap before
{Heap before GC invocations=7 (full 0):
 garbage-first heap   total 75776K, used 39311K [0x0000000717200000, 0x0000000800000000)
  region size 2048K, 11 young (22528K), 2 survivors (4096K)
 Metaspace       used 35583K, committed 36096K, reserved 1114112K
  class space    used 4344K, committed 4608K, reserved 1048576K
}

