# JRE version: OpenJDK Runtime Environment Corretto-19.0.2.7.1 (19.0.2+7) (build 19.0.2+7-FR)
# Java VM: OpenJDK 64-Bit Server VM Corretto-19.0.2.7.1 (19.0.2+7-FR, mixed mode, sharing, tiered, compressed oops, compressed class ptrs, g1 gc, linux-amd64)
GC Precious Log:
 CardTable entry size: 512
 Card Set container configuration: InlinePtr #cards 4 size 8 Array Of Cards #cards 16 size 48 Howl #buckets 8 coarsen threshold 3686 Howl Bitmap #cards 512 size 80 coarsen threshold 460 Card regions per heap region 1 cards per card region 4096
 CPUs: 16 total, 8 available
 Memory: 14903M
 Large Page Support: Disabled
 NUMA Support: Disabled
 Compressed Oops: Enabled (Zero based)
 Heap Region Size: 2M
 Heap Min Capacity: 8M
 Heap Initial Capacity: 234M
 Heap Max Capacity: 3726M
 Pre-touch: Disabled
 Parallel Workers: 8
 Concurrent Workers: 2
 Concurrent Refinement Workers: 8
 Periodic GC: Disabled
Heap:
 garbage-first heap   total 110592K, used 46837K [0x0000000717200000, 0x0000000800000000)
  region size 2048K, 8 young (16384K), 1 survivors (2048K)
 Metaspace       used 57438K, committed 58304K, reserved 1114112K
  class space    used 7061K, committed 7488K, reserved 1048576K
GC Heap History (20 events):
Event: 2,299 GC heap before
{Heap before GC invocations=2 (full 0):
 garbage-first heap   total 243712K, used 69048K [0x0000000717200000, 0x0000000800000000)
  region size 2048K, 31 young (63488K), 2 survivors (4096K)
 Metaspace       used 21223K, committed 21504K, reserved 1114112K
  class space    used 2490K, committed 2624K, reserved 1048576K
}
Event: 2,305 GC heap after
{Heap after GC invocations=3 (full 0):
 garbage-first heap   total 243712K, used 15629K [0x0000000717200000, 0x0000000800000000)
  region size 2048K, 4 young (8192K), 4 survivors (8192K)
 Metaspace       used 21223K, committed 21504K, reserved 1114112K
  class space    used 2490K, committed 2624K, reserved 1048576K
}
Event: 3,216 GC heap before
{Heap before GC invocations=4 (full 0):
 garbage-first heap   total 75776K, used 52493K [0x0000000717200000, 0x0000000800000000)
  region size 2048K, 22 young (45056K), 4 survivors (8192K)
 Metaspace       used 27176K, committed 27584K, reserved 1114112K
  class space    used 3272K, committed 3456K, reserved 1048576K
}
Event: 3,229 GC heap after
{Heap after GC invocations=5 (full 0):
 garbage-first heap   total 75776K, used 18917K [0x0000000717200000, 0x0000000800000000)
  region size 2048K, 2 young (4096K), 2 survivors (4096K)
 Metaspace       used 27176K, committed 27584K, reserved 1114112K
  class space    used 3272K, committed 3456K, reserved 1048576K
}
Event: 3,274 GC heap before
{Heap before GC invocations=5 (full 0):
 garbage-first heap   total 75776K, used 20965K [0x0000000717200000, 0x0000000800000000)
  region size 2048K, 3 young (6144K), 2 survivors (4096K)
 Metaspace       used 27448K, committed 27968K, reserved 1114112K
  class space    used 3330K, committed 3584K, reserved 1048576K
}
Event: 3,286 GC heap after
{Heap after GC invocations=6 (full 0):
 garbage-first heap   total 75776K, used 19554K [0x0000000717200000, 0x0000000800000000)
  region size 2048K, 1 young (2048K), 1 survivors (2048K)
 Metaspace       used 27448K, committed 27968K, reserved 1114112K
  class space    used 3330K, committed 3584K, reserved 1048576K
}
Event: 3,792 GC heap before
{Heap before GC invocations=6 (full 0):
 garbage-first heap   total 75776K, used 46178K [0x0000000717200000, 0x0000000800000000)
  region size 2048K, 15 young (30720K), 1 survivors (2048K)
 Metaspace       used 32856K, committed 33408K, reserved 1114112K
  class space    used 3941K, committed 4224K, reserved 1048576K
}
Event: 3,799 GC heap after
{Heap after GC invocations=7 (full 0):
 garbage-first heap   total 126976K, used 22151K [0x0000000717200000, 0x0000000800000000)
  region size 2048K, 2 young (4096K), 2 survivors (4096K)
 Metaspace       used 32856K, committed 33408K, reserved 1114112K
  class space    used 3941K, committed 4224K, reserved 1048576K
}
Event: 4,183 GC heap before
{Heap before GC invocations=7 (full 0):
 garbage-first heap   total 126976K, used 38535K [0x0000000717200000, 0x0000000800000000)
  region size 2048K, 11 young (22528K), 2 survivors (4096K)
 Metaspace       used 35685K, committed 36160K, reserved 1114112K
  class space    used 4356K, committed 4608K, reserved 1048576K
}
Event: 4,192 GC heap after
{Heap after GC invocations=8 (full 0):
 garbage-first heap   total 126976K, used 24816K [0x0000000717200000, 0x0000000800000000)
  region size 2048K, 3 young (6144K), 3 survivors (6144K)
 Metaspace       used 35685K, committed 36160K, reserved 1114112K
  class space    used 4356K, committed 4608K, reserved 1048576K
}
Event: 5,501 GC heap before
{Heap before GC invocations=9 (full 0):
 garbage-first heap   total 110592K, used 80112K [0x0000000717200000, 0x0000000800000000)
  region size 2048K, 30 young (61440K), 3 survivors (6144K)
 Metaspace       used 44269K, committed 44928K, reserved 1114112K
  class space    used 5677K, committed 6016K, reserved 1048576K
}
Event: 5,509 GC heap after
{Heap after GC invocations=10 (full 0):
 garbage-first heap   total 110592K, used 30218K [0x0000000717200000, 0x0000000800000000)
  region size 2048K, 4 young (8192K), 4 survivors (8192K)
 Metaspace       used 44269K, committed 44928K, reserved 1114112K
  class space    used 5677K, committed 6016K, reserved 1048576K
}
Event: 5,509 GC heap before
{Heap before GC invocations=10 (full 0):
 garbage-first heap   total 110592K, used 32266K [0x0000000717200000, 0x0000000800000000)
  region size 2048K, 5 young (10240K), 4 survivors (8192K)
 Metaspace       used 44277K, committed 44992K, reserved 1114112K
  class space    used 5678K, committed 6016K, reserved 1048576K
}
Event: 5,514 GC heap after
{Heap after GC invocations=11 (full 0):
 garbage-first heap   total 110592K, used 30153K [0x0000000717200000, 0x0000000800000000)
  region size 2048K, 1 young (2048K), 1 survivors (2048K)
 Metaspace       used 44277K, committed 44992K, reserved 1114112K
  class space    used 5678K, committed 6016K, reserved 1048576K
}
Event: 6,153 GC heap before
{Heap before GC invocations=11 (full 0):
 garbage-first heap   total 110592K, used 69065K [0x0000000717200000, 0x0000000800000000)
  region size 2048K, 21 young (43008K), 1 survivors (2048K)
 Metaspace       used 52790K, committed 53568K, reserved 1114112K
  class space    used 6488K, committed 6848K, reserved 1048576K
}
Event: 6,158 GC heap after
{Heap after GC invocations=12 (full 0):
 garbage-first heap   total 110592K, used 32984K [0x0000000717200000, 0x0000000800000000)
  region size 2048K, 2 young (4096K), 2 survivors (4096K)
 Metaspace       used 52790K, committed 53568K, reserved 1114112K
  class space    used 6488K, committed 6848K, reserved 1048576K
}
Event: 63,616 GC heap before
{Heap before GC invocations=12 (full 0):
 garbage-first heap   total 110592K, used 73944K [0x0000000717200000, 0x0000000800000000)
  region size 2048K, 23 young (47104K), 2 survivors (4096K)
 Metaspace       used 56981K, committed 57792K, reserved 1114112K
  class space    used 7026K, committed 7424K, reserved 1048576K
}
Event: 63,624 GC heap after
{Heap after GC invocations=13 (full 0):
 garbage-first heap   total 110592K, used 34752K [0x0000000717200000, 0x0000000800000000)
  region size 2048K, 1 young (2048K), 1 survivors (2048K)
 Metaspace       used 56981K, committed 57792K, reserved 1114112K
  class space    used 7026K, committed 7424K, reserved 1048576K
}
Event: 178,228 GC heap before
{Heap before GC invocations=13 (full 0):
 garbage-first heap   total 110592K, used 77760K [0x0000000717200000, 0x0000000800000000)
  region size 2048K, 22 young (45056K), 1 survivors (2048K)
 Metaspace       used 57213K, committed 58112K, reserved 1114112K
  class space    used 7026K, committed 7488K, reserved 1048576K
}
Event: 178,232 GC heap after
{Heap after GC invocations=14 (full 0):
 garbage-first heap   total 110592K, used 34549K [0x0000000717200000, 0x0000000800000000)
  region size 2048K, 1 young (2048K), 1 survivors (2048K)
 Metaspace       used 57213K, committed 58112K, reserved 1114112K
  class space    used 7026K, committed 7488K, reserved 1048576K
}

